======================================================================
1) SM QUARK CHARGES under physical Y=(-7q8+4q15)/18
   Q_L  (q8,q15)=(-1,-1)  Y=1/6
   u_R  (q8,q15)=( 0, 3)  Y=2/3
   d_R  (q8,q15)=(-2,-5)  Y=-1/3
======================================================================
2) BASE (3,60) 8 anomaly coefficients, both normalizations
   SU3C^4    /9=60           /18(physical)=60        
   SU4^4     /9=-579         /18(physical)=-579      
   grav6     /9=180          /18(physical)=180       
   SU3^3     /9=-3           /18(physical)=-3        
   SU3^2Y    /9=17/3         /18(physical)=17/6      
   SU2^2Y    /9=23           /18(physical)=23/2      
   Y^3       /9=9172/9       /18(physical)=2293/18   
   grav^2Y   /9=34           /18(physical)=17        
   local cubics [SU3C^3,SU3_123^3] = [-3/2, -3/4]
   base tadpole Theta = (126, -36)
======================================================================
3) 45-MULTIPLET WITNESS cancellation, in BOTH normalizations
   total multiplets: 45
   div= 9 : 8 anomalies Sum+base = [0, 0, 0, 0, 0, 0, 0, 0]  -> ALL ZERO
   div=18 : 8 anomalies Sum+base = [0, 0, 0, 0, 0, 0, 0, 0]  -> ALL ZERO
   tadpole Sum+base = (0,0) -> ZERO
   local cubic residue = [2, 6] -> INTEGER
======================================================================
4) 6D anomaly factorization Q-matrix rank (gauge, Y-independent)
   Q = [30, 213, 213, 864]  rank = 2  det = -19449
